<?xml version="1.0" encoding="UTF-8"?>
<!-- Generated by org.testng.reporters.JUnitReportReporter -->
<testsuite hostname="WBLL0317E2597" name="com.drg.helpers.TestCallerNew" tests="3" failures="0" timestamp="1 Jun 2017 14:57:02 GMT" time="0.000" errors="0">
  <testcase name="TestMethod3" time="0.000" classname="com.drg.helpers.TestCallerNew"/>
  <testcase name="TestMethod8" time="0.000" classname="com.drg.helpers.TestCallerNew"/>
  <testcase name="TestMethod5" time="0.000" classname="com.drg.helpers.TestCallerNew"/>
</testsuite> <!-- com.drg.helpers.TestCallerNew -->
