<?xml version="1.0" encoding="UTF-8"?>
<!-- Generated by org.testng.reporters.JUnitReportReporter -->
<testsuite hostname="WBLL0317E2597" name="com.drg.methodFlows.TstXML" tests="1" failures="0" timestamp="1 Jun 2017 14:55:38 GMT" time="0.453" errors="0">
  <testcase name="ignite" time="0.453" classname="com.drg.methodFlows.TstXML"/>
</testsuite> <!-- com.drg.methodFlows.TstXML -->
