<?xml version="1.0" encoding="UTF-8"?>
<!-- Generated by org.testng.reporters.JUnitReportReporter -->
<testsuite hostname="WBLL0317E2597" name="com.drg.methodFlows.startUp" tests="1" failures="0" timestamp="14 Aug 2017 07:14:46 GMT" time="0.023" errors="0">
  <testcase name="Launch" time="0.023" classname="com.drg.methodFlows.startUp"/>
</testsuite> <!-- com.drg.methodFlows.startUp -->
