<?xml version="1.0" encoding="UTF-8"?>
<!-- Generated by org.testng.reporters.JUnitReportReporter -->
<testsuite hostname="WBLL0317E2597" name="com.drg.helpers.TestCaller" tests="5" failures="0" timestamp="14 Jun 2017 10:28:27 GMT" time="0.237" errors="0">
  <testcase name="TestMethod6" time="0.000" classname="com.drg.helpers.TestCaller"/>
  <testcase name="loadDB" time="0.221" classname="com.drg.helpers.TestCaller"/>
  <testcase name="TestMethod2" time="0.000" classname="com.drg.helpers.TestCaller"/>
  <testcase name="TestMethod1" time="0.016" classname="com.drg.helpers.TestCaller"/>
  <testcase name="TestMethod7" time="0.000" classname="com.drg.helpers.TestCaller"/>
</testsuite> <!-- com.drg.helpers.TestCaller -->
