<?xml version="1.0" encoding="UTF-8"?>
<!-- Generated by org.testng.reporters.JUnitReportReporter -->
<testsuite hostname="WBLL0317E2597" name="com.drg.methodFlows.isNewuser" tests="3" failures="0" timestamp="22 Aug 2017 10:26:13 GMT" time="2.209" errors="0">
  <testcase name="newUserLoginCheck" time="0.097" classname="com.drg.methodFlows.isNewuser"/>
  <testcase name="newUserTNCcheck" time="0.510" classname="com.drg.methodFlows.isNewuser"/>
  <testcase name="noSubscriptionCheckMyLocker" time="1.602" classname="com.drg.methodFlows.isNewuser"/>
</testsuite> <!-- com.drg.methodFlows.isNewuser -->
