<?xml version="1.0" encoding="UTF-8"?>
<!-- Generated by org.testng.reporters.JUnitReportReporter -->
<testsuite hostname="WBLL0317E2597" name="com.cvas.qa.portalinfo.startUp" tests="1" failures="0" timestamp="9 May 2017 17:33:50 GMT" time="0.050" errors="0">
  <testcase name="browserLaunch" time="0.050" classname="com.cvas.qa.portalinfo.startUp"/>
</testsuite> <!-- com.cvas.qa.portalinfo.startUp -->
